app/build/intermediates/manifest_merge_blame_file/debug/manifest-merger-blame-debug-report.txt
1<?xml version="1.0" encoding="utf-8"?>
2<manifest xmlns:android="http://schemas.android.com/apk/res/android"
3    package="com.example.examen1parcial"
4    android:versionCode="1"
5    android:versionName="1.0" >
6
7    <uses-sdk
8        android:minSdkVersion="22"
8-->src\main\AndroidManifest.xml
9        android:targetSdkVersion="32" />
9-->src\main\AndroidManifest.xml
10
11    <uses-permission android:name="android.permission.WRITE_EXTERNAL_STORAGE" />
11-->src\main\AndroidManifest.xml:5:5-81
11-->src\main\AndroidManifest.xml:5:22-78
12    <uses-permission android:name="android.permission.CAMERA" />
12-->src\main\AndroidManifest.xml:6:5-65
12-->src\main\AndroidManifest.xml:6:22-62
13    <uses-permission android:name="android.permission.CALL_PHONE" />
13-->src\main\AndroidManifest.xml:7:5-69
13-->src\main\AndroidManifest.xml:7:22-66
14
15    <uses-feature
15-->src\main\AndroidManifest.xml:9:5-11:35
16        android:name="android.hardware.camera"
16-->src\main\AndroidManifest.xml:10:9-47
17        android:required="true" />
17-->src\main\AndroidManifest.xml:11:9-32
18    <uses-feature
18-->src\main\AndroidManifest.xml:12:5-14:35
19        android:name="android.hardware.camera2"
19-->src\main\AndroidManifest.xml:13:9-48
20        android:required="true" />
20-->src\main\AndroidManifest.xml:14:9-32
21
22    <queries>
22-->src\main\AndroidManifest.xml:16:5-34:15
23
24        <!-- Browser -->
25        <intent>
25-->src\main\AndroidManifest.xml:19:9-23:18
26            <action android:name="android.intent.action.VIEW" />
26-->src\main\AndroidManifest.xml:20:13-65
26-->src\main\AndroidManifest.xml:20:21-62
27
28            <data android:scheme="http" />
28-->src\main\AndroidManifest.xml:22:13-43
28-->src\main\AndroidManifest.xml:22:19-40
29        </intent>
30
31        <!-- Camera -->
32        <intent>
32-->src\main\AndroidManifest.xml:26:9-28:18
33            <action android:name="android.media.action.IMAGE_CAPTURE" />
33-->src\main\AndroidManifest.xml:27:13-73
33-->src\main\AndroidManifest.xml:27:21-70
34        </intent>
35
36        <!-- Gallery -->
37        <intent>
37-->src\main\AndroidManifest.xml:31:9-33:18
38            <action android:name="android.intent.action.GET_CONTENT" />
38-->src\main\AndroidManifest.xml:32:13-72
38-->src\main\AndroidManifest.xml:32:21-69
39        </intent>
40    </queries>
41
42    <application
42-->src\main\AndroidManifest.xml:36:5-67:19
43        android:allowBackup="true"
43-->src\main\AndroidManifest.xml:37:9-35
44        android:appComponentFactory="androidx.core.app.CoreComponentFactory"
44-->[androidx.core:core:1.8.0] AndroidManifest.xml:24:18-86
45        android:dataExtractionRules="@xml/data_extraction_rules"
45-->src\main\AndroidManifest.xml:38:9-65
46        android:debuggable="true"
47        android:fullBackupContent="@xml/backup_rules"
47-->src\main\AndroidManifest.xml:39:9-54
48        android:icon="@mipmap/ic_launcher"
48-->src\main\AndroidManifest.xml:40:9-43
49        android:label="@string/app_name"
49-->src\main\AndroidManifest.xml:41:9-41
50        android:roundIcon="@mipmap/ic_launcher_round"
50-->src\main\AndroidManifest.xml:42:9-54
51        android:supportsRtl="true"
51-->src\main\AndroidManifest.xml:43:9-35
52        android:testOnly="true"
53        android:theme="@style/Theme.Examen1Parcial" >
53-->src\main\AndroidManifest.xml:44:9-52
54        <activity
54-->src\main\AndroidManifest.xml:46:9-48:40
55            android:name="com.example.examen1parcial.ActivityActualizarContacto"
55-->src\main\AndroidManifest.xml:47:13-55
56            android:exported="false" />
56-->src\main\AndroidManifest.xml:48:13-37
57        <activity
57-->src\main\AndroidManifest.xml:49:9-51:40
58            android:name="com.example.examen1parcial.ActivityListadoContacto"
58-->src\main\AndroidManifest.xml:50:13-52
59            android:exported="false" />
59-->src\main\AndroidManifest.xml:51:13-37
60        <activity
60-->src\main\AndroidManifest.xml:52:9-54:40
61            android:name="com.example.examen1parcial.ActivityVerFoto"
61-->src\main\AndroidManifest.xml:53:13-44
62            android:exported="false" />
62-->src\main\AndroidManifest.xml:54:13-37
63        <activity
63-->src\main\AndroidManifest.xml:55:9-57:40
64            android:name="com.example.examen1parcial.ActivityPais"
64-->src\main\AndroidManifest.xml:56:13-41
65            android:exported="false" />
65-->src\main\AndroidManifest.xml:57:13-37
66        <activity
66-->src\main\AndroidManifest.xml:58:9-66:20
67            android:name="com.example.examen1parcial.MainActivity"
67-->src\main\AndroidManifest.xml:59:13-41
68            android:exported="true" >
68-->src\main\AndroidManifest.xml:60:13-36
69            <intent-filter>
69-->src\main\AndroidManifest.xml:61:13-65:29
70                <action android:name="android.intent.action.MAIN" />
70-->src\main\AndroidManifest.xml:62:17-69
70-->src\main\AndroidManifest.xml:62:25-66
71
72                <category android:name="android.intent.category.LAUNCHER" />
72-->src\main\AndroidManifest.xml:64:17-77
72-->src\main\AndroidManifest.xml:64:27-74
73            </intent-filter>
74        </activity>
75
76        <provider
76-->[androidx.emoji2:emoji2:1.2.0] AndroidManifest.xml:24:9-32:20
77            android:name="androidx.startup.InitializationProvider"
77-->[androidx.emoji2:emoji2:1.2.0] AndroidManifest.xml:25:13-67
78            android:authorities="com.example.examen1parcial.androidx-startup"
78-->[androidx.emoji2:emoji2:1.2.0] AndroidManifest.xml:26:13-68
79            android:exported="false" >
79-->[androidx.emoji2:emoji2:1.2.0] AndroidManifest.xml:27:13-37
80            <meta-data
80-->[androidx.emoji2:emoji2:1.2.0] AndroidManifest.xml:29:13-31:52
81                android:name="androidx.emoji2.text.EmojiCompatInitializer"
81-->[androidx.emoji2:emoji2:1.2.0] AndroidManifest.xml:30:17-75
82                android:value="androidx.startup" />
82-->[androidx.emoji2:emoji2:1.2.0] AndroidManifest.xml:31:17-49
83            <meta-data
83-->[androidx.lifecycle:lifecycle-process:2.4.1] AndroidManifest.xml:31:13-33:52
84                android:name="androidx.lifecycle.ProcessLifecycleInitializer"
84-->[androidx.lifecycle:lifecycle-process:2.4.1] AndroidManifest.xml:32:17-78
85                android:value="androidx.startup" />
85-->[androidx.lifecycle:lifecycle-process:2.4.1] AndroidManifest.xml:33:17-49
86        </provider>
87    </application>
88
89</manifest>